2021-11-29 20:42:59,720 891 Client PID 891
2021-11-29 20:42:59,724 891 PID=891 count=0  size=6681  resident=5663  shared=2357  text=2 data=3377
2021-11-29 20:42:59,724 891 Connecting to the system bus.
2021-11-29 20:42:59,725 891 Connecting to the system bus.
2021-11-29 20:43:01,873 891 PID=891 count=500  size=43580  resident=5831  shared=2468  text=2 data=7572
2021-11-29 20:43:03,975 891 PID=891 count=1000  size=43580  resident=5831  shared=2468  text=2 data=7572
2021-11-29 20:43:06,047 891 PID=891 count=1500  size=43580  resident=5831  shared=2468  text=2 data=7572
2021-11-29 20:43:08,136 891 PID=891 count=2000  size=43580  resident=5831  shared=2468  text=2 data=7572
2021-11-29 20:43:10,216 891 PID=891 count=2500  size=43580  resident=5831  shared=2468  text=2 data=7572
2021-11-29 20:43:12,305 891 PID=891 count=3000  size=43580  resident=5831  shared=2468  text=2 data=7572
2021-11-29 20:43:14,376 891 PID=891 count=3500  size=43580  resident=5831  shared=2468  text=2 data=7572
2021-11-29 20:43:16,436 891 PID=891 count=4000  size=43580  resident=5831  shared=2468  text=2 data=7572
2021-11-29 20:43:18,505 891 PID=891 count=4500  size=43580  resident=5831  shared=2468  text=2 data=7572
2021-11-29 20:43:20,566 891 PID=891 count=5000  size=43580  resident=5831  shared=2468  text=2 data=7572
2021-11-29 20:43:22,655 891 PID=891 count=5500  size=43580  resident=5831  shared=2468  text=2 data=7572
2021-11-29 20:43:24,741 891 PID=891 count=6000  size=43580  resident=5831  shared=2468  text=2 data=7572
2021-11-29 20:43:26,823 891 PID=891 count=6500  size=43580  resident=5831  shared=2468  text=2 data=7572
2021-11-29 20:43:28,900 891 PID=891 count=7000  size=43580  resident=5831  shared=2468  text=2 data=7572
2021-11-29 20:43:30,961 891 PID=891 count=7500  size=43580  resident=5831  shared=2468  text=2 data=7572
2021-11-29 20:43:33,049 891 PID=891 count=8000  size=43580  resident=5831  shared=2468  text=2 data=7572
2021-11-29 20:43:35,090 891 PID=891 count=8500  size=43580  resident=5831  shared=2468  text=2 data=7572
2021-11-29 20:43:37,162 891 PID=891 count=9000  size=43580  resident=5831  shared=2468  text=2 data=7572
2021-11-29 20:43:39,232 891 PID=891 count=9500  size=43580  resident=5831  shared=2468  text=2 data=7572
2021-11-29 20:43:41,336 891 Final memory report
2021-11-29 20:43:41,337 891 PID=891 count=10000  size=43580  resident=5831  shared=2468  text=2 data=7572
2021-11-29 20:43:41,338 891 See the quick brown fox jump over the lazy dog.See the quick brown fox jump over the lazy dog.See the quick brown fox jump over the lazy dog.See the quick brown fox jump over the lazy dog.See the quick brown fox jump over the lazy dog.See the quick brown fox jump over the lazy dog.See the quick brown fox jump over the lazy dog.See the quick brown fox jump over the lazy dog.See the quick brown fox jump over the lazy dog.See the quick brown fox jump over the lazy dog.See the quick brown fox jump over the lazy dog.See the quick brown fox jump over the lazy dog.See the quick brown fox jump over the lazy dog.See the quick brown fox jump over the lazy dog.See the quick brown fox jump over the lazy dog.See the quick brown fox jump over the lazy dog.See the quick brown fox jump over the lazy dog.See the quick brown fox jump over the lazy dog.See the quick brown fox jump over the lazy dog.See the quick brown fox jump over the lazy dog.See the quick brown fox jump over the lazy dog.See the quick brown fox jump over the lazy dog.
